Flow report for rc4
Wed Mar 13 05:46:31 2019
Quartus II 64-Bit Version 14.1.0 Build 186 12/03/2014 SJ Web Edition


---------------------
; Table of Contents ;
---------------------
  1. Legal Notice
  2. Flow Summary
  3. Flow Settings
  4. Flow Non-Default Global Settings
  5. Flow Elapsed Time
  6. Flow OS Summary
  7. Flow Log
  8. Flow Messages
  9. Flow Suppressed Messages



----------------
; Legal Notice ;
----------------
Copyright (C) 1991-2014 Altera Corporation. All rights reserved.
Your use of Altera Corporation's design tools, logic functions 
and other software and tools, and its AMPP partner logic 
functions, and any output files from any of the foregoing 
(including device programming or simulation files), and any 
associated documentation or information are expressly subject 
to the terms and conditions of the Altera Program License 
Subscription Agreement, the Altera Quartus II License Agreement,
the Altera MegaCore Function License Agreement, or other 
applicable license agreement, including, without limitation, 
that your use is for the sole purpose of programming logic 
devices manufactured by Altera and sold by Altera or its 
authorized distributors.  Please refer to the applicable 
agreement for further details.



+------------------------------------------------------------------------------+
; Flow Summary                                                                 ;
+---------------------------------+--------------------------------------------+
; Flow Status                     ; Successful - Wed Mar 13 05:46:08 2019      ;
; Quartus II 64-Bit Version       ; 14.1.0 Build 186 12/03/2014 SJ Web Edition ;
; Revision Name                   ; rc4                                        ;
; Top-level Entity Name           ; lab4_top                                   ;
; Family                          ; Cyclone V                                  ;
; Device                          ; 5CSEMA5F31C6                               ;
; Timing Models                   ; Final                                      ;
; Logic utilization (in ALMs)     ; 385 / 32,070 ( 1 % )                       ;
; Total registers                 ; 464                                        ;
; Total pins                      ; 69 / 457 ( 15 % )                          ;
; Total virtual pins              ; 0                                          ;
; Total block memory bits         ; 2,560 / 4,065,280 ( < 1 % )                ;
; Total DSP Blocks                ; 0 / 87 ( 0 % )                             ;
; Total HSSI RX PCSs              ; 0                                          ;
; Total HSSI PMA RX Deserializers ; 0                                          ;
; Total HSSI TX PCSs              ; 0                                          ;
; Total HSSI PMA TX Serializers   ; 0                                          ;
; Total PLLs                      ; 0 / 6 ( 0 % )                              ;
; Total DLLs                      ; 0 / 4 ( 0 % )                              ;
+---------------------------------+--------------------------------------------+


+-----------------------------------------+
; Flow Settings                           ;
+-------------------+---------------------+
; Option            ; Setting             ;
+-------------------+---------------------+
; Start date & time ; 03/13/2019 05:43:08 ;
; Main task         ; Compilation         ;
; Revision Name     ; rc4                 ;
+-------------------+---------------------+


+-------------------------------------------------------------------------------------------------------------------------------------------+
; Flow Non-Default Global Settings                                                                                                          ;
+---------------------------------------------------+---------------------------------------+--------------------+-------------+------------+
; Assignment Name                                   ; Value                                 ; Default Value      ; Entity Name ; Section Id ;
+---------------------------------------------------+---------------------------------------+--------------------+-------------+------------+
; AUTO_RAM_RECOGNITION                              ; Off                                   ; On                 ; --          ; --         ;
; AUTO_ROM_RECOGNITION                              ; Off                                   ; On                 ; --          ; --         ;
; BLOCK_RAM_AND_MLAB_EQUIVALENT_POWER_UP_CONDITIONS ; Care                                  ; Auto               ; --          ; --         ;
; COMPILER_SIGNATURE_ID                             ; 22727990220782.155248098808544        ; --                 ; --          ; --         ;
; EXTRACT_VERILOG_STATE_MACHINES                    ; Off                                   ; On                 ; --          ; --         ;
; EXTRACT_VHDL_STATE_MACHINES                       ; Off                                   ; On                 ; --          ; --         ;
; FITTER_EFFORT                                     ; Standard Fit                          ; Auto Fit           ; --          ; --         ;
; MAX_CORE_JUNCTION_TEMP                            ; 85                                    ; --                 ; --          ; --         ;
; MIN_CORE_JUNCTION_TEMP                            ; 0                                     ; --                 ; --          ; --         ;
; MISC_FILE                                         ; s_memory.cmp                          ; --                 ; --          ; --         ;
; MISC_FILE                                         ; rom_message.cmp                       ; --                 ; --          ; --         ;
; MISC_FILE                                         ; ram_d_message.cmp                     ; --                 ; --          ; --         ;
; OPTIMIZE_POWER_DURING_SYNTHESIS                   ; Off                                   ; Normal compilation ; --          ; --         ;
; PARTITION_COLOR                                   ; 16764057                              ; --                 ; lab4_top    ; Top        ;
; PARTITION_FITTER_PRESERVATION_LEVEL               ; PLACEMENT_AND_ROUTING                 ; --                 ; lab4_top    ; Top        ;
; PARTITION_NETLIST_TYPE                            ; SOURCE                                ; --                 ; lab4_top    ; Top        ;
; PHYSICAL_SYNTHESIS_EFFORT                         ; Fast                                  ; Normal             ; --          ; --         ;
; PHYSICAL_SYNTHESIS_REGISTER_RETIMING              ; On                                    ; Off                ; --          ; --         ;
; POWER_BOARD_THERMAL_MODEL                         ; None (CONSERVATIVE)                   ; --                 ; --          ; --         ;
; POWER_PRESET_COOLING_SOLUTION                     ; 23 MM HEAT SINK WITH 200 LFPM AIRFLOW ; --                 ; --          ; --         ;
; PROJECT_OUTPUT_DIRECTORY                          ; output_files                          ; --                 ; --          ; --         ;
; ROUTER_CLOCKING_TOPOLOGY_ANALYSIS                 ; On                                    ; Off                ; --          ; --         ;
; SYNCHRONIZATION_REGISTER_CHAIN_LENGTH             ; 2                                     ; 3                  ; --          ; --         ;
; SYNCHRONIZER_IDENTIFICATION                       ; Auto                                  ; Off                ; --          ; --         ;
; TOP_LEVEL_ENTITY                                  ; lab4_top                              ; rc4                ; --          ; --         ;
; VERILOG_INPUT_VERSION                             ; SystemVerilog_2005                    ; Verilog_2001       ; --          ; --         ;
; VERILOG_NON_CONSTANT_LOOP_LIMIT                   ; 5000                                  ; 250                ; --          ; --         ;
; VERILOG_SHOW_LMF_MAPPING_MESSAGES                 ; Off                                   ; --                 ; --          ; --         ;
+---------------------------------------------------+---------------------------------------+--------------------+-------------+------------+


+-------------------------------------------------------------------------------------------------------------------------------+
; Flow Elapsed Time                                                                                                             ;
+---------------------------+--------------+-------------------------+---------------------+------------------------------------+
; Module Name               ; Elapsed Time ; Average Processors Used ; Peak Virtual Memory ; Total CPU Time (on all processors) ;
+---------------------------+--------------+-------------------------+---------------------+------------------------------------+
; Analysis & Synthesis      ; 00:00:46     ; 1.0                     ; 4896 MB             ; 00:01:25                           ;
; Fitter                    ; 00:01:44     ; 1.2                     ; 6520 MB             ; 00:02:21                           ;
; Assembler                 ; 00:00:20     ; 1.0                     ; 4863 MB             ; 00:00:18                           ;
; TimeQuest Timing Analyzer ; 00:00:19     ; 1.2                     ; 5196 MB             ; 00:00:19                           ;
; Total                     ; 00:03:09     ; --                      ; --                  ; 00:04:23                           ;
+---------------------------+--------------+-------------------------+---------------------+------------------------------------+


+----------------------------------------------------------------------------------------+
; Flow OS Summary                                                                        ;
+---------------------------+------------------+-----------+------------+----------------+
; Module Name               ; Machine Hostname ; OS Name   ; OS Version ; Processor type ;
+---------------------------+------------------+-----------+------------+----------------+
; Analysis & Synthesis      ; Cyrus-Laptop     ; Windows 7 ; 6.2        ; x86_64         ;
; Fitter                    ; Cyrus-Laptop     ; Windows 7 ; 6.2        ; x86_64         ;
; Assembler                 ; Cyrus-Laptop     ; Windows 7 ; 6.2        ; x86_64         ;
; TimeQuest Timing Analyzer ; Cyrus-Laptop     ; Windows 7 ; 6.2        ; x86_64         ;
+---------------------------+------------------+-----------+------------+----------------+


------------
; Flow Log ;
------------
quartus_map --read_settings_files=on --write_settings_files=off rc4 -c rc4
quartus_fit --read_settings_files=off --write_settings_files=off rc4 -c rc4
quartus_asm --read_settings_files=off --write_settings_files=off rc4 -c rc4
quartus_sta rc4 -c rc4



